<?xml version="1.0" encoding="UTF-8"?>
<testsuite xmlns:xsi="http://www.w3.org/2001/XMLSchema-instance" xsi:noNamespaceSchemaLocation="https://maven.apache.org/surefire/maven-surefire-plugin/xsd/surefire-test-report-3.0.xsd" version="3.0" name="org.gb.task4.TriangleTest" time="0.47" tests="21" errors="0" skipped="0" failures="0">
  <properties>
[...]
</properties>
  <testcase name="incorrectTriangleException(int, int, int)[1]" classname="org.gb.task4.TriangleTest" time="0.07">
    <system-out><![CDATA[06:02:07.369 [main] INFO  TriangleTest - Testing started.
06:02:07.499 [main] TRACE TriangleTest - a = 1, b = 2, c = 10 => Incorrect triangle sides
]]></system-out>
  </testcase>
  <testcase name="incorrectTriangleException(int, int, int)[2]" classname="org.gb.task4.TriangleTest" time="0.01">
    <system-out><![CDATA[06:02:07.529 [main] TRACE TriangleTest - a = 3, b = 8, c = 1 => Incorrect triangle sides
]]></system-out>
  </testcase>
  <testcase name="incorrectTriangleException(int, int, int)[3]" classname="org.gb.task4.TriangleTest" time="0">
    <system-out><![CDATA[06:02:07.529 [main] TRACE TriangleTest - a = 9, b = 3, c = 2 => Incorrect triangle sides
]]></system-out>
  </testcase>
  <testcase name="incorrectTriangleException(int, int, int)[4]" classname="org.gb.task4.TriangleTest" time="0">
    <system-out><![CDATA[06:02:07.539 [main] TRACE TriangleTest - a = 0, b = 0, c = 5 => Incorrect triangle sides
]]></system-out>
  </testcase>
  <testcase name="incorrectTriangleException(int, int, int)[5]" classname="org.gb.task4.TriangleTest" time="0">
    <system-out><![CDATA[06:02:07.549 [main] TRACE TriangleTest - a = 0, b = 7, c = 0 => Incorrect triangle sides
]]></system-out>
  </testcase>
  <testcase name="incorrectTriangleException(int, int, int)[6]" classname="org.gb.task4.TriangleTest" time="0.01">
    <system-out><![CDATA[06:02:07.559 [main] TRACE TriangleTest - a = 4, b = 0, c = 0 => Incorrect triangle sides
]]></system-out>
  </testcase>
  <testcase name="incorrectTriangleException(int, int, int)[7]" classname="org.gb.task4.TriangleTest" time="0">
    <system-out><![CDATA[06:02:07.559 [main] TRACE TriangleTest - a = 0, b = 1, c = 5 => Incorrect triangle sides
]]></system-out>
  </testcase>
  <testcase name="incorrectTriangleException(int, int, int)[8]" classname="org.gb.task4.TriangleTest" time="0.01">
    <system-out><![CDATA[06:02:07.569 [main] TRACE TriangleTest - a = 2, b = 0, c = 4 => Incorrect triangle sides
]]></system-out>
  </testcase>
  <testcase name="incorrectTriangleException(int, int, int)[9]" classname="org.gb.task4.TriangleTest" time="0">
    <system-out><![CDATA[06:02:07.569 [main] TRACE TriangleTest - a = 7, b = 3, c = 0 => Incorrect triangle sides
]]></system-out>
  </testcase>
  <testcase name="correctTriangleTest(int, int, int, double)[1]" classname="org.gb.task4.TriangleTest" time="0.01">
    <system-out><![CDATA[06:02:07.589 [main] TRACE TriangleTest - a = 3, b = 4, c = 5, ordinary triangle
]]></system-out>
  </testcase>
  <testcase name="correctTriangleTest(int, int, int, double)[2]" classname="org.gb.task4.TriangleTest" time="0.01">
    <system-out><![CDATA[06:02:07.599 [main] TRACE TriangleTest - a = 13, b = 15, c = 14, ordinary triangle
]]></system-out>
  </testcase>
  <testcase name="correctTriangleTest(int, int, int, double)[3]" classname="org.gb.task4.TriangleTest" time="0">
    <system-out><![CDATA[06:02:07.599 [main] TRACE TriangleTest - a = 5, b = 10, c = 14, ordinary triangle
]]></system-out>
  </testcase>
  <testcase name="correctDegenerateTriangleTest(int, int, int)[1]" classname="org.gb.task4.TriangleTest" time="0">
    <system-out><![CDATA[06:02:07.609 [main] TRACE TriangleTest - a = 3, b = 2, c = 5, degenerate triangle
]]></system-out>
  </testcase>
  <testcase name="correctDegenerateTriangleTest(int, int, int)[2]" classname="org.gb.task4.TriangleTest" time="0">
    <system-out><![CDATA[06:02:07.619 [main] TRACE TriangleTest - a = 2, b = 5, c = 3, degenerate triangle
]]></system-out>
  </testcase>
  <testcase name="correctDegenerateTriangleTest(int, int, int)[3]" classname="org.gb.task4.TriangleTest" time="0.01">
    <system-out><![CDATA[06:02:07.629 [main] TRACE TriangleTest - a = 5, b = 3, c = 2, degenerate triangle
]]></system-out>
  </testcase>
  <testcase name="correctDegenerateTriangleTest(int, int, int)[4]" classname="org.gb.task4.TriangleTest" time="0">
    <system-out><![CDATA[06:02:07.629 [main] TRACE TriangleTest - a = 0, b = 4, c = 4, degenerate triangle
]]></system-out>
  </testcase>
  <testcase name="correctDegenerateTriangleTest(int, int, int)[5]" classname="org.gb.task4.TriangleTest" time="0">
    <system-out><![CDATA[06:02:07.639 [main] TRACE TriangleTest - a = 4, b = 0, c = 4, degenerate triangle
]]></system-out>
  </testcase>
  <testcase name="correctDegenerateTriangleTest(int, int, int)[6]" classname="org.gb.task4.TriangleTest" time="0">
    <system-out><![CDATA[06:02:07.639 [main] TRACE TriangleTest - a = 4, b = 4, c = 0, degenerate triangle
]]></system-out>
  </testcase>
  <testcase name="incorrectTriangleWithNegativeSideException(int, int, int)[1]" classname="org.gb.task4.TriangleTest" time="0">
    <system-out><![CDATA[06:02:07.649 [main] TRACE TriangleTest - a = -3, b = 3, c = 3 => Triangle has a negative side
]]></system-out>
  </testcase>
  <testcase name="incorrectTriangleWithNegativeSideException(int, int, int)[2]" classname="org.gb.task4.TriangleTest" time="0">
    <system-out><![CDATA[06:02:07.659 [main] TRACE TriangleTest - a = 2, b = -2, c = 2 => Triangle has a negative side
]]></system-out>
  </testcase>
  <testcase name="incorrectTriangleWithNegativeSideException(int, int, int)[3]" classname="org.gb.task4.TriangleTest" time="0.01">
    <system-out><![CDATA[06:02:07.669 [main] TRACE TriangleTest - a = 5, b = 5, c = -5 => Triangle has a negative side
]]></system-out>
  </testcase>
</testsuite>